Personal Portfolio Website - Development Timeline


📅 Development Phases
## Phase 1: Planning & Wireframing

✅ [ ] Research portfolio templates
✅ [ ] Sketch layout on paper
✅ [ ] List required sections: Home, About, Skills, Projects, Contact
✅ [ ] Choose color scheme: Blue gradient theme
✅ [ ] Plan responsive breakpoints

## Phase 2: HTML Structure

✅ [ ] Created semantic HTML5 structure
✅ [ ] Navigation menu with anchor links
✅ [ ] Sections: header, about, skills, projects, contact
✅ [ ] Contact details integration
✅ [ ] Mobile-first approach

## Phase 3: CSS Stylin

✅ [ ] Gradient background & glassmorphism cards
✅ [ ] CSS Grid for skills layout
✅ [ ] Flexbox for contact info
✅ [ ] Hover animations & transitions
✅ [ ] Responsive design (mobile/tablet/desktop)
✅ [ ] Custom scrollbars & shadows

## Phase 4: JavaScript Interactivity

✅ [ ] Smooth scrolling navigation
✅ [ ] Scroll-based header effects
✅ [ ] Mobile menu optimization

## Phase 5: Deployment & Testing

✅ [ ] GitHub repository setup
✅ [ ] GitHub Pages deployment
✅ [ ] Cross-browser testing (Chrome, Firefox, Safari)
✅ [ ] Mobile responsiveness testing
✅ [ ] Performance optimization
